<?xml version="1.0" encoding="UTF-8" ?>
<testsuite tests="21" failures="4" name="org.jfree.date.SerialDateTest" time="0.125" errors="0" skipped="0">
  <properties>
[...]
</properties>
  <testcase classname="org.jfree.date.SerialDateTest" name="testMondayPrecedingFriday9Nov2001" time="0.047"/>
  <testcase classname="org.jfree.date.SerialDateTest" name="testMondayFollowingFriday9Nov2001" time="0"/>
  <testcase classname="org.jfree.date.SerialDateTest" name="testMondayNearestFriday9Nov2001" time="0"/>
  <testcase classname="org.jfree.date.SerialDateTest" name="testStringToMonthCode" time="0">
    <failure message="expected:&lt;1&gt; but was:&lt;-1&gt;" type="junit.framework.AssertionFailedError">junit.framework.AssertionFailedError: expected:&lt;1&gt; but was:&lt;-1&gt;
	at junit.framework.Assert.fail(Assert.java:47)
	at junit.framework.Assert.failNotEquals(Assert.java:280)
	at junit.framework.Assert.assertEquals(Assert.java:64)
	at junit.framework.Assert.assertEquals(Assert.java:198)
	at junit.framework.Assert.assertEquals(Assert.java:204)
	at org.jfree.date.SerialDateTest.testStringToMonthCode(SerialDateTest.java:194)
</failure>
  </testcase>
  <testcase classname="org.jfree.date.SerialDateTest" name="testLeapYearCount2000" time="0"/>
  <testcase classname="org.jfree.date.SerialDateTest" name="testWeekdayCodeToString" time="0">
    <failure message="expected:&lt;[Saturday]&gt; but was:&lt;[sobota]&gt;" type="junit.framework.ComparisonFailure">junit.framework.ComparisonFailure: expected:&lt;[Saturday]&gt; but was:&lt;[sobota]&gt;
	at junit.framework.Assert.assertEquals(Assert.java:81)
	at junit.framework.Assert.assertEquals(Assert.java:87)
	at org.jfree.date.SerialDateTest.testWeekdayCodeToString(SerialDateTest.java:166)
</failure>
  </testcase>
  <testcase classname="org.jfree.date.SerialDateTest" name="testLeapYearCount1999" time="0"/>
  <testcase classname="org.jfree.date.SerialDateTest" name="testAddMonthsTo5Oct2003" time="0"/>
  <testcase classname="org.jfree.date.SerialDateTest" name="testLeapYearCount1899" time="0"/>
  <testcase classname="org.jfree.date.SerialDateTest" name="testAddMonthsTo9Nov2001" time="0"/>
  <testcase classname="org.jfree.date.SerialDateTest" name="testAddMonthsTo1Jan2003" time="0"/>
  <testcase classname="org.jfree.date.SerialDateTest" name="testLeapYearCount1903" time="0"/>
  <testcase classname="org.jfree.date.SerialDateTest" name="testLeapYearCount1904" time="0"/>
  <testcase classname="org.jfree.date.SerialDateTest" name="testStringToWeekday" time="0">
    <failure message="expected:&lt;4&gt; but was:&lt;-1&gt;" type="junit.framework.AssertionFailedError">junit.framework.AssertionFailedError: expected:&lt;4&gt; but was:&lt;-1&gt;
	at junit.framework.Assert.fail(Assert.java:47)
	at junit.framework.Assert.failNotEquals(Assert.java:280)
	at junit.framework.Assert.assertEquals(Assert.java:64)
	at junit.framework.Assert.assertEquals(Assert.java:198)
	at junit.framework.Assert.assertEquals(Assert.java:204)
	at org.jfree.date.SerialDateTest.testStringToWeekday(SerialDateTest.java:177)
</failure>
  </testcase>
  <testcase classname="org.jfree.date.SerialDateTest" name="testSerialization" time="0.063"/>
  <testcase classname="org.jfree.date.SerialDateTest" name="testMondayNearest22Jan1970" time="0"/>
  <testcase classname="org.jfree.date.SerialDateTest" name="testMonthCodeToStringCode" time="0">
    <failure message="expected:&lt;[December]&gt; but was:&lt;[grudnia]&gt;" type="junit.framework.ComparisonFailure">junit.framework.ComparisonFailure: expected:&lt;[December]&gt; but was:&lt;[grudnia]&gt;
	at junit.framework.Assert.assertEquals(Assert.java:81)
	at junit.framework.Assert.assertEquals(Assert.java:87)
	at org.jfree.date.SerialDateTest.testMonthCodeToStringCode(SerialDateTest.java:210)
</failure>
  </testcase>
  <testcase classname="org.jfree.date.SerialDateTest" name="testIsNotLeapYear1900" time="0"/>
  <testcase classname="org.jfree.date.SerialDateTest" name="testIsLeapYear2000" time="0"/>
  <testcase classname="org.jfree.date.SerialDateTest" name="testAddMonths" time="0"/>
  <testcase classname="org.jfree.date.SerialDateTest" name="test1096282" time="0"/>
</testsuite>